[INFO ] 2024-02-21 21:07:53.657 [main] addProductToCart - Add a product to Empty cart
[DEBUG] 2024-02-21 21:07:54.569 [main] addProductToCart - Opened chrome - got into website
[DEBUG] 2024-02-21 21:07:55.272 [main] addProductToCart - Clicked add to cart button
[INFO ] 2024-02-21 21:07:55.309 [main] addProductToCart - Test Succeeded - cart items count icon changed to 1
[INFO ] 2024-02-21 21:07:56.278 [main] addProductToCart - Add a product that already exist in the cart
[DEBUG] 2024-02-21 21:07:57.236 [main] addProductToCart - Opened chrome - got into website
[DEBUG] 2024-02-21 21:07:57.960 [main] addProductToCart - Clicked add to cart button - first time
[DEBUG] 2024-02-21 21:07:58.532 [main] addProductToCart - Clicked Add the same item again
[INFO ] 2024-02-21 21:07:58.555 [main] addProductToCart - Test Succeeded - cart items count icon changed to 2
[INFO ] 2024-02-21 21:07:59.397 [main] addProductToCart - Add a product to non empty cart
[DEBUG] 2024-02-21 21:08:00.328 [main] addProductToCart - Opened chrome - got into website
[DEBUG] 2024-02-21 21:08:01.016 [main] addProductToCart - Clicked add to cart button
[DEBUG] 2024-02-21 21:08:01.984 [main] addProductToCart - Clicked Add for 3 more items
[INFO ] 2024-02-21 21:08:02.019 [main] addProductToCart - Test Succeeded - cart items count icon changed to 4
[INFO ] 2024-02-21 21:27:22.197 [main] Payment - Pay with empty cart
[DEBUG] 2024-02-21 21:27:24.000 [main] Payment - Opened chrome - got into website
[DEBUG] 2024-02-21 21:27:24.022 [main] Payment - Test Succeeded - No 'Proceed to checkout' button
[INFO ] 2024-02-21 21:38:51.013 [main] Payment - Pay with empty cart
[DEBUG] 2024-02-21 21:38:54.500 [main] Payment - Opened chrome - got into website
[DEBUG] 2024-02-21 21:38:54.517 [main] Payment - TEST SUCCEEDED - No 'Proceed to checkout' button
[INFO ] 2024-02-21 21:40:05.793 [main] Payment - Pay with empty cart
[DEBUG] 2024-02-21 21:40:07.241 [main] Payment - Opened chrome - got into website
[DEBUG] 2024-02-21 21:40:07.254 [main] Payment - TEST SUCCEEDED - No 'Proceed to checkout' button
[INFO ] 2024-02-21 21:40:19.621 [main] Payment - Remove existing product from cart
[DEBUG] 2024-02-21 21:40:20.493 [main] Payment - Opened chrome - got into website
[DEBUG] 2024-02-21 21:40:21.133 [main] Payment - Clicked add to cart button
[DEBUG] 2024-02-21 21:40:21.867 [main] Payment - Clicked remove item from cart
[DEBUG] 2024-02-21 21:40:23.904 [main] Payment - TEST SUCCEEDED - No 'Proceed to checkout' button = the cart is empty
[INFO ] 2024-02-23 10:31:30.731 [main] AddProductToCart - Add a product to Empty cart
[DEBUG] 2024-02-23 10:31:31.495 [main] AddProductToCart - Opened chrome - got into website
[DEBUG] 2024-02-23 10:31:33.352 [main] AddProductToCart - Clicked add to cart button
[INFO ] 2024-02-23 10:31:33.397 [main] AddProductToCart - Test Succeeded - cart items count icon changed to 1
[INFO ] 2024-02-23 10:31:34.145 [main] AddProductToCart - Add a product that already exist in the cart
[DEBUG] 2024-02-23 10:31:35.151 [main] AddProductToCart - Opened chrome - got into website
[DEBUG] 2024-02-23 10:31:35.879 [main] AddProductToCart - Clicked add to cart button - first time
[DEBUG] 2024-02-23 10:31:36.481 [main] AddProductToCart - Clicked Add the same item again
[INFO ] 2024-02-23 10:31:36.510 [main] AddProductToCart - Test Succeeded - cart items count icon changed to 2
[INFO ] 2024-02-23 10:31:37.249 [main] AddProductToCart - Add a product to non empty cart
[DEBUG] 2024-02-23 10:31:38.205 [main] AddProductToCart - Opened chrome - got into website
[DEBUG] 2024-02-23 10:31:38.839 [main] AddProductToCart - Clicked add to cart button
[DEBUG] 2024-02-23 10:31:39.730 [main] AddProductToCart - Clicked Add for 3 more items
[INFO ] 2024-02-23 10:31:39.759 [main] AddProductToCart - Test Succeeded - cart items count icon changed to 4
[INFO ] 2024-02-28 20:33:31.864 [main] Payment - Pay with empty cart
[DEBUG] 2024-02-28 20:33:33.215 [main] Payment - Opened chrome - got into website
[DEBUG] 2024-02-28 20:33:33.236 [main] Payment - TEST SUCCEEDED - No 'Proceed to checkout' button
[INFO ] 2024-02-28 20:33:42.051 [main] Payment - Pay with empty cart
[DEBUG] 2024-02-28 20:33:43.343 [main] Payment - Opened chrome - got into website
[DEBUG] 2024-02-28 20:33:43.358 [main] Payment - TEST SUCCEEDED - No 'Proceed to checkout' button
[INFO ] 2024-02-28 20:45:21.863 [main] Payment - Pay with empty cart
[DEBUG] 2024-02-28 20:45:23.307 [main] Payment - Opened chrome - got into website
[DEBUG] 2024-02-28 20:45:23.328 [main] Payment - TEST SUCCEEDED - No 'Proceed to checkout' button
[INFO ] 2024-02-28 20:46:40.954 [main] Payment - Pay with empty cart
[DEBUG] 2024-02-28 20:46:41.912 [main] Payment - Opened chrome - got into website
[DEBUG] 2024-02-28 20:46:42.333 [main] Payment - TEST SUCCEEDED - No 'Proceed to checkout' button
[INFO ] 2024-02-28 20:47:04.198 [main] Payment - Add one existing product to cart
[DEBUG] 2024-02-28 20:47:04.819 [main] Payment - Opened chrome - got into website
[DEBUG] 2024-02-28 20:47:05.500 [main] Payment - Clicked add to cart button
[INFO ] 2024-02-28 20:47:22.696 [main] Payment - Add one existing product to cart
[DEBUG] 2024-02-28 20:47:23.316 [main] Payment - Opened chrome - got into website
[DEBUG] 2024-02-28 20:47:24.075 [main] Payment - Clicked add to cart button
[INFO ] 2024-02-28 20:48:10.452 [main] Payment - Add one existing product to cart
[DEBUG] 2024-02-28 20:48:11.078 [main] Payment - Opened chrome - got into website
[DEBUG] 2024-02-28 20:48:11.720 [main] Payment - Clicked add to cart button
[INFO ] 2024-02-28 20:49:00.701 [main] Payment - Add one existing product to cart
[DEBUG] 2024-02-28 20:49:01.378 [main] Payment - Opened chrome - got into website
[DEBUG] 2024-02-28 20:49:02.120 [main] Payment - Clicked add to cart button
[INFO ] 2024-02-28 20:55:15.498 [main] Payment - Pay with empty cart
[DEBUG] 2024-02-28 20:55:17.127 [main] Payment - Opened chrome - got into website
[DEBUG] 2024-02-28 20:55:17.142 [main] Payment - TEST SUCCEEDED - No 'Proceed to checkout' button
[INFO ] 2024-02-28 20:57:42.902 [main] Payment - Add one existing product to cart
[DEBUG] 2024-02-28 20:57:43.830 [main] Payment - Opened chrome - got into website
[DEBUG] 2024-02-28 20:57:44.506 [main] Payment - Clicked add to cart button
[INFO ] 2024-02-28 20:59:31.253 [main] Payment - Pay with empty cart
[DEBUG] 2024-02-28 20:59:32.262 [main] Payment - Opened chrome - got into website
[DEBUG] 2024-02-28 20:59:32.718 [main] Payment - TEST SUCCEEDED - No 'Proceed to checkout' button
[INFO ] 2024-02-28 20:59:57.908 [main] Payment - Add one existing product to cart
[DEBUG] 2024-02-28 20:59:58.653 [main] Payment - Opened chrome - got into website
[DEBUG] 2024-02-28 20:59:59.323 [main] Payment - Clicked add to cart button
[INFO ] 2024-02-28 21:01:21.919 [main] Payment - Add one existing product to cart
[DEBUG] 2024-02-28 21:01:22.212 [main] Payment - Opened chrome - got into website
[DEBUG] 2024-02-28 21:01:23.314 [main] Payment - Clicked add to cart button
[INFO ] 2024-02-28 21:04:06.177 [main] Payment - Add one existing product to cart
[DEBUG] 2024-02-28 21:04:06.857 [main] Payment - Opened chrome - got into website
[DEBUG] 2024-02-28 21:04:07.551 [main] Payment - Clicked add to cart button
[INFO ] 2024-02-28 21:04:52.387 [main] Payment - Add one existing product to cart
[DEBUG] 2024-02-28 21:04:53.041 [main] Payment - Opened chrome - got into website
[DEBUG] 2024-02-28 21:04:53.716 [main] Payment - Clicked add to cart button
[INFO ] 2024-02-28 21:06:40.697 [main] Payment - Add one existing product to cart
[DEBUG] 2024-02-28 21:06:41.452 [main] Payment - Opened chrome - got into website
[DEBUG] 2024-02-28 21:06:42.118 [main] Payment - Clicked add to cart button
[INFO ] 2024-02-28 21:08:14.462 [main] Payment - Add one existing product to cart
[DEBUG] 2024-02-28 21:08:15.378 [main] Payment - Opened chrome - got into website
[DEBUG] 2024-02-28 21:08:16.529 [main] Payment - Clicked add to cart button
[INFO ] 2024-02-28 21:09:23.005 [main] Payment - Add one existing product to cart
[DEBUG] 2024-02-28 21:09:24.185 [main] Payment - Opened chrome - got into website
[DEBUG] 2024-02-28 21:09:24.862 [main] Payment - Clicked add to cart button
[INFO ] 2024-02-28 21:31:30.349 [main] Payment - Add one existing product to cart
[DEBUG] 2024-02-28 21:31:31.052 [main] Payment - Opened chrome - got into website
[DEBUG] 2024-02-28 21:31:31.730 [main] Payment - Clicked add to cart button
[INFO ] 2024-02-28 21:44:11.540 [main] Pages - Go to next page from first page
[DEBUG] 2024-02-28 21:44:14.346 [main] Pages - Opened chrome - got into website on store first page
[DEBUG] 2024-02-28 21:44:14.522 [main] Pages - TEST FAILED - Clicked 'Proceed to checkout' button
[INFO ] 2024-02-28 21:45:25.035 [main] Pages - Go to next page from first page
[DEBUG] 2024-02-28 21:45:26.116 [main] Pages - Opened chrome - got into website on store first page
[INFO ] 2024-02-28 21:45:26.285 [main] Pages - https://atid.store/store/page/2/
[DEBUG] 2024-02-28 21:45:26.285 [main] Pages - TEST FAILED - Clicked 'Proceed to checkout' button
[INFO ] 2024-02-28 21:47:01.027 [main] Pages - Go to next page from first page
[DEBUG] 2024-02-28 21:47:01.878 [main] Pages - Opened chrome - got into website on store first page
[INFO ] 2024-02-28 21:47:02.050 [main] Pages - https://atid.store/store/page/2/
[DEBUG] 2024-02-28 21:47:02.051 [main] Pages - TEST SUCCEEDED - we're on the 2nd page
[INFO ] 2024-02-28 21:51:08.193 [main] Pages - Go to previous page from 2nd page
[DEBUG] 2024-02-28 21:51:08.910 [main] Pages - Opened chrome - got into website on store 2nd page
[INFO ] 2024-02-28 21:51:09.143 [main] Pages - https://atid.store/store/
[DEBUG] 2024-02-28 21:51:09.143 [main] Pages - TEST SUCCEEDED - we're on the 1st page
